d:\classes\cs classes\cs 409\assingment 4\debug\vc142.pdb
d:\classes\cs classes\cs 409\assingment 4\debug\vc142.idb
d:\classes\cs classes\cs 409\assingment 4\debug\spaceship.obj
d:\classes\cs classes\cs 409\assingment 4\debug\sleep.obj
d:\classes\cs classes\cs 409\assingment 4\debug\perlinnoisefield3.obj
d:\classes\cs classes\cs 409\assingment 4\debug\vector3.obj
d:\classes\cs classes\cs 409\assingment 4\debug\vector2.obj
d:\classes\cs classes\cs 409\assingment 4\debug\texturemanager.obj
d:\classes\cs classes\cs 409\assingment 4\debug\texturebmp.obj
d:\classes\cs classes\cs 409\assingment 4\debug\texture.obj
d:\classes\cs classes\cs 409\assingment 4\debug\spritefont.obj
d:\classes\cs classes\cs 409\assingment 4\debug\objstringparsing.obj
d:\classes\cs classes\cs 409\assingment 4\debug\objmodel.obj
d:\classes\cs classes\cs 409\assingment 4\debug\mtllibrarymanager.obj
d:\classes\cs classes\cs 409\assingment 4\debug\mtllibrary.obj
d:\classes\cs classes\cs 409\assingment 4\debug\material.obj
d:\classes\cs classes\cs 409\assingment 4\debug\displaylist.obj
d:\classes\cs classes\cs 409\assingment 4\debug\main.obj
d:\classes\cs classes\cs 409\assingment 4\debug\entity.obj
d:\classes\cs classes\cs 409\assingment 4\debug\coordinatesystem.obj
d:\classes\cs classes\cs 409\assingment 4\debug\blackhole.obj
d:\classes\cs classes\cs 409\assingment 4\debug\asteroid.obj
d:\classes\cs classes\cs 409\assingment 4\debug\collision.obj
d:\classes\cs classes\cs 409\assingment 4\debug\assingment 4.exe
d:\classes\cs classes\cs 409\assingment 4\debug\assingment 4.ilk
d:\classes\cs classes\cs 409\assingment 4\debug\assingment 4.pdb
d:\classes\cs classes\cs 409\assingment 4\debug\collision.obj.enc
d:\classes\cs classes\cs 409\assingment 4\debug\main.obj.enc
d:\classes\cs classes\cs 409\assingment 4\debug\assingment 4.tlog\cl.command.1.tlog
d:\classes\cs classes\cs 409\assingment 4\debug\assingment 4.tlog\cl.read.1.tlog
d:\classes\cs classes\cs 409\assingment 4\debug\assingment 4.tlog\cl.write.1.tlog
d:\classes\cs classes\cs 409\assingment 4\debug\assingment 4.tlog\link.command.1.tlog
d:\classes\cs classes\cs 409\assingment 4\debug\assingment 4.tlog\link.read.1.tlog
d:\classes\cs classes\cs 409\assingment 4\debug\assingment 4.tlog\link.write.1.tlog
