d:\classes\cs classes\cs 409\assingment 1\debug\vc142.pdb
d:\classes\cs classes\cs 409\assingment 1\debug\vc142.idb
d:\classes\cs classes\cs 409\assingment 1\debug\sleep.obj
d:\classes\cs classes\cs 409\assingment 1\debug\vector3.obj
d:\classes\cs classes\cs 409\assingment 1\debug\vector2.obj
d:\classes\cs classes\cs 409\assingment 1\debug\texturemanager.obj
d:\classes\cs classes\cs 409\assingment 1\debug\texturebmp.obj
d:\classes\cs classes\cs 409\assingment 1\debug\texture.obj
d:\classes\cs classes\cs 409\assingment 1\debug\spritefont.obj
d:\classes\cs classes\cs 409\assingment 1\debug\objstringparsing.obj
d:\classes\cs classes\cs 409\assingment 1\debug\objmodel.obj
d:\classes\cs classes\cs 409\assingment 1\debug\mtllibrarymanager.obj
d:\classes\cs classes\cs 409\assingment 1\debug\mtllibrary.obj
d:\classes\cs classes\cs 409\assingment 1\debug\material.obj
d:\classes\cs classes\cs 409\assingment 1\debug\displaylist.obj
d:\classes\cs classes\cs 409\assingment 1\debug\main4.obj
d:\classes\cs classes\cs 409\assingment 1\debug\assingment 1.ilk
d:\classes\cs classes\cs 409\assingment 1\debug\assingment 1.exe
d:\classes\cs classes\cs 409\assingment 1\debug\assingment 1.pdb
d:\classes\cs classes\cs 409\assingment 1\debug\assingment 1.tlog\cl.command.1.tlog
d:\classes\cs classes\cs 409\assingment 1\debug\assingment 1.tlog\cl.read.1.tlog
d:\classes\cs classes\cs 409\assingment 1\debug\assingment 1.tlog\cl.write.1.tlog
d:\classes\cs classes\cs 409\assingment 1\debug\assingment 1.tlog\link.command.1.tlog
d:\classes\cs classes\cs 409\assingment 1\debug\assingment 1.tlog\link.read.1.tlog
d:\classes\cs classes\cs 409\assingment 1\debug\assingment 1.tlog\link.write.1.tlog
